<?xml version="1.0" encoding="UTF-8"?>
<!-- Generated by org.testng.reporters.JUnitReportReporter -->
<testsuite skipped="0" hostname="doge-star" name="com.edu.test.BackChanZhi" tests="1" failures="0" timestamp="23 十一月 2017 08:50:59 GMT" time="27.815" errors="0">
  <testcase name="TuiguangToday" time="27.815" classname="com.edu.test.BackChanZhi"/>
</testsuite> <!-- com.edu.test.BackChanZhi -->
