<?xml version="1.0" encoding="UTF-8"?>
<!-- Generated by org.testng.reporters.JUnitReportReporter -->
<testsuite skipped="0" hostname="doge-star" name="com.edu.test.BackmyMovie" tests="1" failures="0" timestamp="01 十一月 2017 01:21:48 GMT" time="3.896" errors="0">
  <testcase name="testbackLogin" time="3.896" classname="com.edu.test.BackmyMovie"/>
</testsuite> <!-- com.edu.test.BackmyMovie -->
