<?xml version="1.0" encoding="UTF-8"?>
<!-- Generated by org.testng.reporters.JUnitReportReporter -->
<testsuite skipped="0" hostname="doge-star" name="com.edu.test.TGGuanJianCi" tests="1" failures="0" timestamp="28 十一月 2017 03:06:03 GMT" time="10.972" errors="0">
  <testcase name="Propage" time="10.972" classname="com.edu.test.TGGuanJianCi"/>
</testsuite> <!-- com.edu.test.TGGuanJianCi -->
