<?xml version="1.0" encoding="UTF-8"?>
<!-- Generated by org.testng.reporters.JUnitReportReporter -->
<testsuite skipped="0" hostname="doge-star" name="com.edu.test.FrontEndmyMovie" tests="1" failures="0" timestamp="01 十一月 2017 00:52:12 GMT" time="10.542" errors="0">
  <testcase name="testFrontLogin" time="10.542" classname="com.edu.test.FrontEndmyMovie"/>
</testsuite> <!-- com.edu.test.FrontEndmyMovie -->
